<?xml version="1.0" encoding="UTF-8"?>
<!-- Generated by org.testng.reporters.JUnitReportReporter -->
<testsuite hostname="DESKTOP-4Q2O2EA" failures="0" tests="1" name="testCase.Tc_01" time="30.356" errors="0" timestamp="2022-01-20T16:59:28 BDT" skipped="0">
  <testcase classname="testCase.Tc_01" name="lola" time="30.356"/>
  <system-out/>
</testsuite> <!-- testCase.Tc_01 -->
