<?xml version="1.0" encoding="UTF-8"?>
<!-- Generated by org.testng.reporters.JUnitReportReporter -->
<testsuite hostname="DESKTOP-4Q2O2EA" failures="0" tests="1" name="TC.tc_06_scroll" time="13.301" errors="0" timestamp="2022-02-07T14:30:26 BDT" skipped="0">
  <testcase classname="TC.tc_06_scroll" name="scroll" time="13.301"/>
  <system-out/>
</testsuite> <!-- TC.tc_06_scroll -->
