<?xml version="1.0" encoding="UTF-8"?>
<!-- Generated by org.testng.reporters.JUnitReportReporter -->
<testsuite hostname="DESKTOP-4Q2O2EA" failures="0" tests="2" name="TC.tc_04_DropDown" time="19.307" errors="0" timestamp="2022-02-01T12:10:00 BDT" skipped="0">
  <testcase classname="TC.tc_04_DropDown" name="dropdown" time="13.362"/>
  <system-out/>
  <testcase classname="TC.tc_04_DropDown" name="MulCarSel" time="5.945"/>
  <system-out/>
</testsuite> <!-- TC.tc_04_DropDown -->
