<?xml version="1.0" encoding="UTF-8"?>
<!-- Generated by org.testng.reporters.JUnitReportReporter -->
<testsuite hostname="DESKTOP-4Q2O2EA" failures="0" tests="1" name="TC.tc_03_radiocheckbox" time="9.348" errors="0" timestamp="2022-01-31T17:31:59 BDT" skipped="0">
  <testcase classname="TC.tc_03_radiocheckbox" name="radiocheckbox" time="9.348"/>
  <system-out/>
</testsuite> <!-- TC.tc_03_radiocheckbox -->
