<?xml version="1.0" encoding="UTF-8"?>
<!-- Generated by org.testng.reporters.JUnitReportReporter -->
<testsuite hostname="DESKTOP-4Q2O2EA" failures="0" tests="1" name="TC.tc_07_Right_click" time="20.529" errors="0" timestamp="2022-02-01T17:01:36 BDT" skipped="0">
  <testcase classname="TC.tc_07_Right_click" name="right$double" time="20.529"/>
  <system-out/>
</testsuite> <!-- TC.tc_07_Right_click -->
