<?xml version="1.0" encoding="UTF-8"?>
<!-- Generated by org.testng.reporters.JUnitReportReporter -->
<testsuite hostname="DESKTOP-4Q2O2EA" failures="0" tests="1" name="TC.tc_10_alertPopUp" time="28.276" errors="0" timestamp="2022-02-07T14:44:42 BDT" skipped="0">
  <testcase classname="TC.tc_10_alertPopUp" name="popup" time="28.276"/>
  <system-out/>
</testsuite> <!-- TC.tc_10_alertPopUp -->
