<?xml version="1.0" encoding="UTF-8"?>
<!-- Generated by org.testng.reporters.JUnitReportReporter -->
<testsuite hostname="DESKTOP-4Q2O2EA" failures="0" tests="2" name="TC.tc_02_VerifyPageTitle" time="15.346" errors="0" timestamp="2022-01-31T13:02:27 BDT" skipped="0">
  <testcase classname="TC.tc_02_VerifyPageTitle" name="title" time="13.314"/>
  <system-out/>
  <testcase classname="TC.tc_02_VerifyPageTitle" name="iswebsitesecured" time="2.032"/>
  <system-out/>
</testsuite> <!-- TC.tc_02_VerifyPageTitle -->
