<?xml version="1.0" encoding="UTF-8"?>
<!-- Generated by org.testng.reporters.JUnitReportReporter -->
<testsuite hostname="DESKTOP-4Q2O2EA" failures="0" tests="1" name="testCase.Tc_05_Refresh" time="17.147" errors="0" timestamp="2022-01-24T16:01:06 BDT" skipped="0">
  <testcase classname="testCase.Tc_05_Refresh" name="refresh" time="17.147"/>
  <system-out/>
</testsuite> <!-- testCase.Tc_05_Refresh -->
