<?xml version="1.0" encoding="UTF-8"?>
<!-- Generated by org.testng.reporters.JUnitReportReporter -->
<testsuite hostname="DESKTOP-4Q2O2EA" failures="0" tests="2" name="testCase.Tc_02" time="14.831" errors="0" timestamp="2022-01-23T12:58:32 BDT" skipped="0">
  <testcase classname="testCase.Tc_02" name="verifyTitle" time="14.046"/>
  <system-out/>
  <testcase classname="testCase.Tc_02" name="websitesecure" time="0.785"/>
  <system-out/>
</testsuite> <!-- testCase.Tc_02 -->
