<?xml version="1.0" encoding="UTF-8"?>
<!-- Generated by org.testng.reporters.JUnitReportReporter -->
<testsuite hostname="DESKTOP-4Q2O2EA" failures="0" tests="2" name="TestCase.TC002_VerifyPageTitle" time="17.647" errors="0" timestamp="2022-02-06T15:33:17 BDT" skipped="0">
  <testcase classname="TestCase.TC002_VerifyPageTitle" name="pageTitle" time="15.614"/>
  <system-out/>
  <testcase classname="TestCase.TC002_VerifyPageTitle" name="siteSecu" time="2.033"/>
  <system-out/>
</testsuite> <!-- TestCase.TC002_VerifyPageTitle -->
