<?xml version="1.0" encoding="UTF-8"?>
<!-- Generated by org.testng.reporters.JUnitReportReporter -->
<testsuite hostname="DESKTOP-4Q2O2EA" failures="0" tests="1" name="testCase.TC009_KeyboardEvent" time="40.455" errors="0" timestamp="2022-02-02T12:42:44 BDT" skipped="0">
  <testcase classname="testCase.TC009_KeyboardEvent" name="KeyboardEventCheck" time="40.455"/>
  <system-out/>
</testsuite> <!-- testCase.TC009_KeyboardEvent -->
