<?xml version="1.0" encoding="UTF-8"?>
<!-- Generated by org.testng.reporters.JUnitReportReporter -->
<testsuite hostname="DESKTOP-4Q2O2EA" failures="0" tests="1" name="testCase.TC001_LocatorLearning2" time="30.395" errors="0" timestamp="2022-02-03T12:32:21 BDT" skipped="0">
  <testcase classname="testCase.TC001_LocatorLearning2" name="locatorLearning" time="30.395"/>
  <system-out/>
</testsuite> <!-- testCase.TC001_LocatorLearning2 -->
