<?xml version="1.0" encoding="UTF-8"?>
<!-- Generated by org.testng.reporters.JUnitReportReporter -->
<testsuite hostname="DESKTOP-4Q2O2EA" failures="0" tests="1" name="testCase.TC0010_AlertAndPopUp" time="26.950" errors="0" timestamp="2022-02-02T15:22:11 BDT" skipped="0">
  <testcase classname="testCase.TC0010_AlertAndPopUp" name="alertHandlingCheck" time="26.950"/>
  <system-out/>
</testsuite> <!-- testCase.TC0010_AlertAndPopUp -->
