<?xml version="1.0" encoding="UTF-8"?>
<!-- Generated by org.testng.reporters.JUnitReportReporter -->
<testsuite hostname="DESKTOP-4Q2O2EA" failures="0" tests="2" name="testCase.TC004_VerifyDropDown" time="19.627" errors="0" timestamp="2022-02-01T11:36:46 BDT" skipped="0">
  <testcase classname="testCase.TC004_VerifyDropDown" name="selectingValueFromDropdown" time="11.831"/>
  <system-out/>
  <testcase classname="testCase.TC004_VerifyDropDown" name="selectingMultipleValueFromDropdown" time="7.796"/>
  <system-out/>
</testsuite> <!-- testCase.TC004_VerifyDropDown -->
