<?xml version="1.0" encoding="UTF-8"?>
<!-- Generated by org.testng.reporters.JUnitReportReporter -->
<testsuite hostname="DESKTOP-4Q2O2EA" failures="0" tests="1" name="testCase.TC005_Refresh" time="47.818" errors="0" timestamp="2022-02-07T11:36:42 BDT" skipped="0">
  <testcase classname="testCase.TC005_Refresh" name="refreshPage" time="47.818"/>
  <system-out/>
</testsuite> <!-- testCase.TC005_Refresh -->
