<?xml version="1.0" encoding="UTF-8"?>
<!-- Generated by org.testng.reporters.JUnitReportReporter -->
<testsuite hostname="DESKTOP-4Q2O2EA" failures="0" tests="1" name="testCase.TC008_DragAndDrop" time="28.722" errors="0" timestamp="2022-03-14T12:34:49 BDT" skipped="0">
  <testcase classname="testCase.TC008_DragAndDrop" name="sliderCheck" time="28.722"/>
  <system-out/>
</testsuite> <!-- testCase.TC008_DragAndDrop -->
