<?xml version="1.0" encoding="UTF-8"?>
<!-- Generated by org.testng.reporters.JUnitReportReporter -->
<testsuite hostname="DESKTOP-4Q2O2EA" failures="0" tests="1" name="testCase.TC006_Scroll" time="19.642" errors="0" timestamp="2022-02-07T12:50:49 BDT" skipped="0">
  <testcase classname="testCase.TC006_Scroll" name="scrollCheck" time="19.642"/>
  <system-out/>
</testsuite> <!-- testCase.TC006_Scroll -->
