<?xml version="1.0" encoding="UTF-8"?>
<!-- Generated by org.testng.reporters.JUnitReportReporter -->
<testsuite hostname="DESKTOP-4Q2O2EA" failures="0" tests="1" name="testCase.TC003_VerifyRadioAndCheckboxWithFrame" time="55.939" errors="0" timestamp="2022-03-14T12:15:35 BDT" skipped="0">
  <testcase classname="testCase.TC003_VerifyRadioAndCheckboxWithFrame" name="CheckBoxAndRadioButtonInFrame" time="55.939"/>
  <system-out/>
</testsuite> <!-- testCase.TC003_VerifyRadioAndCheckboxWithFrame -->
