<?xml version="1.0" encoding="UTF-8"?>
<!-- Generated by org.testng.reporters.JUnitReportReporter -->
<testsuite hostname="DESKTOP-4Q2O2EA" failures="0" tests="1" name="testCase.AngularProject" time="38.686" errors="0" timestamp="2022-03-14T11:46:48 BDT" skipped="0">
  <testcase classname="testCase.AngularProject" name="locatorLearning" time="38.686"/>
  <system-out/>
</testsuite> <!-- testCase.AngularProject -->
