<?xml version="1.0" encoding="UTF-8"?>
<!-- Generated by org.testng.reporters.JUnitReportReporter -->
<testsuite hostname="DESKTOP-4Q2O2EA" failures="0" tests="1" name="testCase.TC007_RightContextClick" time="24.647" errors="0" timestamp="2022-02-01T15:57:19 BDT" skipped="0">
  <testcase classname="testCase.TC007_RightContextClick" name="doubleClickRightClick" time="24.647"/>
  <system-out/>
</testsuite> <!-- testCase.TC007_RightContextClick -->
