<?xml version="1.0" encoding="UTF-8"?>
<!-- Generated by org.testng.reporters.JUnitReportReporter -->
<testsuite hostname="DESKTOP-4Q2O2EA" failures="0" tests="2" name="testCase.TC002_VerifyPageTitle" time="15.921" errors="0" timestamp="2022-02-06T15:19:22 BDT" skipped="0">
  <testcase classname="testCase.TC002_VerifyPageTitle" name="verifyTitle" time="13.345"/>
  <system-out/>
  <testcase classname="testCase.TC002_VerifyPageTitle" name="isWebsiteSecured" time="2.576"/>
  <system-out/>
</testsuite> <!-- testCase.TC002_VerifyPageTitle -->
